Flow report for top
Wed Mar 27 09:35:50 2024
Quartus Prime Version 18.1.0 Build 625 09/12/2018 SJ Standard Edition


---------------------
; Table of Contents ;
---------------------
  1. Legal Notice
  2. Flow Summary
  3. Flow Settings
  4. Flow Non-Default Global Settings
  5. Flow Elapsed Time
  6. Flow OS Summary
  7. Flow Log
  8. Flow Messages
  9. Flow Suppressed Messages



----------------
; Legal Notice ;
----------------
Copyright (C) 2018  Intel Corporation. All rights reserved.
Your use of Intel Corporation's design tools, logic functions 
and other software and tools, and its AMPP partner logic 
functions, and any output files from any of the foregoing 
(including device programming or simulation files), and any 
associated documentation or information are expressly subject 
to the terms and conditions of the Intel Program License 
Subscription Agreement, the Intel Quartus Prime License Agreement,
the Intel FPGA IP License Agreement, or other applicable license
agreement, including, without limitation, that your use is for
the sole purpose of programming logic devices manufactured by
Intel and sold by Intel or its authorized distributors.  Please
refer to the applicable agreement for further details.



+--------------------------------------------------------------------------------------+
; Flow Summary                                                                         ;
+------------------------------------+-------------------------------------------------+
; Flow Status                        ; Successful - Wed Mar 27 09:35:50 2024           ;
; Quartus Prime Version              ; 18.1.0 Build 625 09/12/2018 SJ Standard Edition ;
; Revision Name                      ; top                                             ;
; Top-level Entity Name              ; golden_top                                      ;
; Family                             ; Cyclone IV GX                                   ;
; Device                             ; EP4CGX15BF14C6                                  ;
; Timing Models                      ; Final                                           ;
; Total logic elements               ; 10,585 / 14,400 ( 74 % )                        ;
;     Total combinational functions  ; 7,204 / 14,400 ( 50 % )                         ;
;     Dedicated logic registers      ; 8,086 / 14,400 ( 56 % )                         ;
; Total registers                    ; 8086                                            ;
; Total pins                         ; 68 / 81 ( 84 % )                                ;
; Total virtual pins                 ; 0                                               ;
; Total memory bits                  ; 406,492 / 552,960 ( 74 % )                      ;
; Embedded Multiplier 9-bit elements ; 0                                               ;
; Total GXB Receiver Channel PCS     ; 1 / 2 ( 50 % )                                  ;
; Total GXB Receiver Channel PMA     ; 1 / 2 ( 50 % )                                  ;
; Total GXB Transmitter Channel PCS  ; 1 / 2 ( 50 % )                                  ;
; Total GXB Transmitter Channel PMA  ; 1 / 2 ( 50 % )                                  ;
; Total PLLs                         ; 2 / 3 ( 67 % )                                  ;
+------------------------------------+-------------------------------------------------+


+-----------------------------------------+
; Flow Settings                           ;
+-------------------+---------------------+
; Option            ; Setting             ;
+-------------------+---------------------+
; Start date & time ; 03/26/2024 14:01:51 ;
; Main task         ; Compilation         ;
; Revision Name     ; top                 ;
+-------------------+---------------------+


+----------------------------------------------------------------------------------------------------------------------------------------------------------------------------------------------------------------------------------------------------------------------------+
; Flow Non-Default Global Settings                                                                                                                                                                                                                                           ;
+-------------------------------------+------------------------------------------------------------------------------------------------------------------------------------------------------------------------------------+---------------+--------------+------------------+
; Assignment Name                     ; Value                                                                                                                                                                              ; Default Value ; Entity Name  ; Section Id       ;
+-------------------------------------+------------------------------------------------------------------------------------------------------------------------------------------------------------------------------------+---------------+--------------+------------------+
; COMPILER_SIGNATURE_ID               ; 189741471773198.171144731114832                                                                                                                                                    ; --            ; --           ; --               ;
; CYCLONEII_OPTIMIZATION_TECHNIQUE    ; Speed                                                                                                                                                                              ; Balanced      ; --           ; --               ;
; ENABLE_SIGNALTAP                    ; On                                                                                                                                                                                 ; --            ; --           ; --               ;
; MAX_CORE_JUNCTION_TEMP              ; 85                                                                                                                                                                                 ; --            ; --           ; --               ;
; MIN_CORE_JUNCTION_TEMP              ; 0                                                                                                                                                                                  ; --            ; --           ; --               ;
; MISC_FILE                           ; ethernet_sys/synthesis/../ethernet_sys.cmp                                                                                                                                         ; --            ; --           ; --               ;
; MISC_FILE                           ; ethernet_sys/synthesis/../../ethernet_sys.qsys                                                                                                                                     ; --            ; --           ; --               ;
; NOMINAL_CORE_SUPPLY_VOLTAGE         ; 1.2V                                                                                                                                                                               ; --            ; --           ; --               ;
; PARTITION_COLOR                     ; -- (Not supported for targeted family)                                                                                                                                             ; --            ; golden_top   ; Top              ;
; PARTITION_FITTER_PRESERVATION_LEVEL ; -- (Not supported for targeted family)                                                                                                                                             ; --            ; golden_top   ; Top              ;
; PARTITION_NETLIST_TYPE              ; -- (Not supported for targeted family)                                                                                                                                             ; --            ; golden_top   ; Top              ;
; POWER_BOARD_THERMAL_MODEL           ; None (CONSERVATIVE)                                                                                                                                                                ; --            ; --           ; --               ;
; POWER_PRESET_COOLING_SOLUTION       ; 23 MM HEAT SINK WITH 200 LFPM AIRFLOW                                                                                                                                              ; --            ; --           ; --               ;
; SEARCH_PATH                         ; c:\cvs_sandbox\pld\bts\lib\hw\ip/                                                                                                                                                  ; --            ; --           ; --               ;
; SEARCH_PATH                         ; c:\cvs_sandbox\pld\bts\bts_com\lib\hw\ip/                                                                                                                                          ; --            ; --           ; --               ;
; SEARCH_PATH                         ; c:\cvs_sandbox\pld\bts\bts_com\lib\hw\ports/                                                                                                                                       ; --            ; --           ; --               ;
; SEARCH_PATH                         ; c:\cvs_sandbox\pld\bts\bts_com\lib\hw\megawizards/                                                                                                                                 ; --            ; --           ; --               ;
; SEARCH_PATH                         ; ./                                                                                                                                                                                 ; --            ; --           ; --               ;
; SEARCH_PATH                         ; pld/bts/bts_com/lib/hw/ip/                                                                                                                                                         ; --            ; --           ; --               ;
; SEARCH_PATH                         ; pld/bts/bts_com/lib/hw/ports/                                                                                                                                                      ; --            ; --           ; --               ;
; SEARCH_PATH                         ; pld/bts/lib/hw/ip/                                                                                                                                                                 ; --            ; --           ; --               ;
; SLD_FILE                            ; ethernet_sys/synthesis/ethernet_sys.regmap                                                                                                                                         ; --            ; --           ; --               ;
; SLD_FILE                            ; ethernet_sys/synthesis/ethernet_sys.debuginfo                                                                                                                                      ; --            ; --           ; --               ;
; SLD_FILE                            ; db/stp1_auto_stripped.stp                                                                                                                                                          ; --            ; --           ; --               ;
; SLD_INFO                            ; QSYS_NAME ethernet_sys HAS_SOPCINFO 1 GENERATION_ID 1711447013                                                                                                                     ; --            ; ethernet_sys ; --               ;
; SLD_NODE_CREATOR_ID                 ; 110                                                                                                                                                                                ; --            ; --           ; auto_signaltap_3 ;
; SLD_NODE_ENTITY_NAME                ; sld_signaltap                                                                                                                                                                      ; --            ; --           ; auto_signaltap_3 ;
; SLD_NODE_PARAMETER_ASSIGNMENT       ; SLD_RAM_BLOCK_TYPE=AUTO                                                                                                                                                            ; --            ; --           ; auto_signaltap_3 ;
; SLD_NODE_PARAMETER_ASSIGNMENT       ; SLD_NODE_INFO=805334531                                                                                                                                                            ; --            ; --           ; auto_signaltap_3 ;
; SLD_NODE_PARAMETER_ASSIGNMENT       ; SLD_POWER_UP_TRIGGER=0                                                                                                                                                             ; --            ; --           ; auto_signaltap_3 ;
; SLD_NODE_PARAMETER_ASSIGNMENT       ; SLD_STORAGE_QUALIFIER_INVERSION_MASK_LENGTH=0                                                                                                                                      ; --            ; --           ; auto_signaltap_3 ;
; SLD_NODE_PARAMETER_ASSIGNMENT       ; SLD_SEGMENT_SIZE=128                                                                                                                                                               ; --            ; --           ; auto_signaltap_3 ;
; SLD_NODE_PARAMETER_ASSIGNMENT       ; SLD_ATTRIBUTE_MEM_MODE=OFF                                                                                                                                                         ; --            ; --           ; auto_signaltap_3 ;
; SLD_NODE_PARAMETER_ASSIGNMENT       ; SLD_STATE_FLOW_USE_GENERATED=0                                                                                                                                                     ; --            ; --           ; auto_signaltap_3 ;
; SLD_NODE_PARAMETER_ASSIGNMENT       ; SLD_STATE_BITS=11                                                                                                                                                                  ; --            ; --           ; auto_signaltap_3 ;
; SLD_NODE_PARAMETER_ASSIGNMENT       ; SLD_BUFFER_FULL_STOP=1                                                                                                                                                             ; --            ; --           ; auto_signaltap_3 ;
; SLD_NODE_PARAMETER_ASSIGNMENT       ; SLD_CURRENT_RESOURCE_WIDTH=1                                                                                                                                                       ; --            ; --           ; auto_signaltap_3 ;
; SLD_NODE_PARAMETER_ASSIGNMENT       ; SLD_INCREMENTAL_ROUTING=1                                                                                                                                                          ; --            ; --           ; auto_signaltap_3 ;
; SLD_NODE_PARAMETER_ASSIGNMENT       ; SLD_TRIGGER_LEVEL=1                                                                                                                                                                ; --            ; --           ; auto_signaltap_3 ;
; SLD_NODE_PARAMETER_ASSIGNMENT       ; SLD_SAMPLE_DEPTH=128                                                                                                                                                               ; --            ; --           ; auto_signaltap_3 ;
; SLD_NODE_PARAMETER_ASSIGNMENT       ; SLD_TRIGGER_IN_ENABLED=0                                                                                                                                                           ; --            ; --           ; auto_signaltap_3 ;
; SLD_NODE_PARAMETER_ASSIGNMENT       ; SLD_TRIGGER_PIPELINE=0                                                                                                                                                             ; --            ; --           ; auto_signaltap_3 ;
; SLD_NODE_PARAMETER_ASSIGNMENT       ; SLD_RAM_PIPELINE=0                                                                                                                                                                 ; --            ; --           ; auto_signaltap_3 ;
; SLD_NODE_PARAMETER_ASSIGNMENT       ; SLD_COUNTER_PIPELINE=0                                                                                                                                                             ; --            ; --           ; auto_signaltap_3 ;
; SLD_NODE_PARAMETER_ASSIGNMENT       ; SLD_ADVANCED_TRIGGER_ENTITY=basic,1,                                                                                                                                               ; --            ; --           ; auto_signaltap_3 ;
; SLD_NODE_PARAMETER_ASSIGNMENT       ; SLD_TRIGGER_LEVEL_PIPELINE=1                                                                                                                                                       ; --            ; --           ; auto_signaltap_3 ;
; SLD_NODE_PARAMETER_ASSIGNMENT       ; SLD_ENABLE_ADVANCED_TRIGGER=0                                                                                                                                                      ; --            ; --           ; auto_signaltap_3 ;
; SLD_NODE_PARAMETER_ASSIGNMENT       ; SLD_DATA_BITS=46                                                                                                                                                                   ; --            ; --           ; auto_signaltap_3 ;
; SLD_NODE_PARAMETER_ASSIGNMENT       ; SLD_TRIGGER_BITS=46                                                                                                                                                                ; --            ; --           ; auto_signaltap_3 ;
; SLD_NODE_PARAMETER_ASSIGNMENT       ; SLD_STORAGE_QUALIFIER_BITS=46                                                                                                                                                      ; --            ; --           ; auto_signaltap_3 ;
; SLD_NODE_PARAMETER_ASSIGNMENT       ; SLD_INVERSION_MASK=000000000000000000000000000000000000000000000000000000000000000000000000000000000000000000000000000000000000000000000000000000000000000000000000000000000000000 ; --            ; --           ; auto_signaltap_3 ;
; SLD_NODE_PARAMETER_ASSIGNMENT       ; SLD_INVERSION_MASK_LENGTH=159                                                                                                                                                      ; --            ; --           ; auto_signaltap_3 ;
; SOPCINFO_FILE                       ; ethernet_sys/synthesis/../../ethernet_sys.sopcinfo                                                                                                                                 ; --            ; --           ; --               ;
; SYNTHESIS_ONLY_QIP                  ; On                                                                                                                                                                                 ; --            ; --           ; --               ;
; TOP_LEVEL_ENTITY                    ; golden_top                                                                                                                                                                         ; top           ; --           ; --               ;
; USE_GENERATED_PHYSICAL_CONSTRAINTS  ; Off                                                                                                                                                                                ; --            ; --           ; eda_blast_fpga   ;
; USE_SIGNALTAP_FILE                  ; stp1.stp                                                                                                                                                                           ; --            ; --           ; --               ;
; VERILOG_INPUT_VERSION               ; SystemVerilog_2005                                                                                                                                                                 ; Verilog_2001  ; --           ; --               ;
; VERILOG_SHOW_LMF_MAPPING_MESSAGES   ; Off                                                                                                                                                                                ; --            ; --           ; --               ;
+-------------------------------------+------------------------------------------------------------------------------------------------------------------------------------------------------------------------------------+---------------+--------------+------------------+


+--------------------------------------------------------------------------------------------------------------------------+
; Flow Elapsed Time                                                                                                        ;
+----------------------+--------------+-------------------------+---------------------+------------------------------------+
; Module Name          ; Elapsed Time ; Average Processors Used ; Peak Virtual Memory ; Total CPU Time (on all processors) ;
+----------------------+--------------+-------------------------+---------------------+------------------------------------+
; Analysis & Synthesis ; 00:02:21     ; 1.0                     ; 5352 MB             ; 00:02:40                           ;
; Fitter               ; 00:00:50     ; 1.3                     ; 6384 MB             ; 00:02:05                           ;
; Assembler            ; 00:00:05     ; 1.0                     ; 4804 MB             ; 00:00:05                           ;
; Timing Analyzer      ; 00:00:12     ; 1.6                     ; 5062 MB             ; 00:00:15                           ;
; MIF/HEX Update       ; 00:00:02     ; 1.0                     ; 4825 MB             ; 00:00:02                           ;
; Assembler            ; 00:00:06     ; 1.0                     ; 4803 MB             ; 00:00:06                           ;
; Total                ; 00:03:36     ; --                      ; --                  ; 00:05:13                           ;
+----------------------+--------------+-------------------------+---------------------+------------------------------------+


+------------------------------------------------------------------------------------+
; Flow OS Summary                                                                    ;
+----------------------+------------------+------------+------------+----------------+
; Module Name          ; Machine Hostname ; OS Name    ; OS Version ; Processor type ;
+----------------------+------------------+------------+------------+----------------+
; Analysis & Synthesis ; SNPS-n5uMjJmn4q  ; Windows 10 ; 10.0       ; x86_64         ;
; Fitter               ; SNPS-n5uMjJmn4q  ; Windows 10 ; 10.0       ; x86_64         ;
; Assembler            ; SNPS-n5uMjJmn4q  ; Windows 10 ; 10.0       ; x86_64         ;
; Timing Analyzer      ; SNPS-n5uMjJmn4q  ; Windows 10 ; 10.0       ; x86_64         ;
; MIF/HEX Update       ; SNPS-n5uMjJmn4q  ; Windows 10 ; 10.0       ; x86_64         ;
; Assembler            ; SNPS-n5uMjJmn4q  ; Windows 10 ; 10.0       ; x86_64         ;
+----------------------+------------------+------------+------------+----------------+


------------
; Flow Log ;
------------
quartus_map --read_settings_files=on --write_settings_files=off top -c top
quartus_fit --read_settings_files=off --write_settings_files=off top -c top
quartus_asm --read_settings_files=off --write_settings_files=off top -c top
quartus_sta top -c top
quartus_cdb top -c top --update_mif
quartus_asm --read_settings_files=on --write_settings_files=off top -c top



