MIF/HEX Update report for top
Wed Mar 27 09:34:55 2024
Quartus Prime Version 18.1.0 Build 625 09/12/2018 SJ Standard Edition


---------------------
; Table of Contents ;
---------------------
  1. Legal Notice
  2. MIF/HEX Update Summary
  3. MIF/HEX Update Processed Files
  4. MIF/HEX Update Messages



----------------
; Legal Notice ;
----------------
Copyright (C) 2018  Intel Corporation. All rights reserved.
Your use of Intel Corporation's design tools, logic functions 
and other software and tools, and its AMPP partner logic 
functions, and any output files from any of the foregoing 
(including device programming or simulation files), and any 
associated documentation or information are expressly subject 
to the terms and conditions of the Intel Program License 
Subscription Agreement, the Intel Quartus Prime License Agreement,
the Intel FPGA IP License Agreement, or other applicable license
agreement, including, without limitation, that your use is for
the sole purpose of programming logic devices manufactured by
Intel and sold by Intel or its authorized distributors.  Please
refer to the applicable agreement for further details.



+---------------------------------------------------------------+
; MIF/HEX Update Summary                                        ;
+-----------------------+---------------------------------------+
; MIF/HEX Update Status ; Successful - Wed Mar 27 09:34:55 2024 ;
; Revision Name         ; top                                   ;
; Top-level Entity Name ; golden_top                            ;
; Family                ; Cyclone IV GX                         ;
; Device                ; EP4CGX15BF14C6                        ;
+-----------------------+---------------------------------------+


+------------------------------------------------------------------------------------------+
; MIF/HEX Update Processed Files                                                           ;
+------------------------------------------------------------------------------------------+
; File Name                                                                                ;
+------------------------------------------------------------------------------------------+
; C:/projects/quartus/ethernet/software/zhopen/mem_init/ethernet_sys_descriptor_memory.hex ;
; C:/projects/quartus/ethernet/software/zhopen/mem_init/ethernet_sys_onchip_memory2_0.hex  ;
+------------------------------------------------------------------------------------------+


+-------------------------+
; MIF/HEX Update Messages ;
+-------------------------+
Info: *******************************************************************
Info: Running Quartus Prime MIF/HEX Update
    Info: Version 18.1.0 Build 625 09/12/2018 SJ Standard Edition
    Info: Processing started: Wed Mar 27 09:34:53 2024
Info: Command: quartus_cdb top -c top --update_mif
Warning (18236): Number of processors has not been specified which may cause overloading on shared machines.  Set the global assignment NUM_PARALLEL_PROCESSORS in your QSF to an appropriate value for best performance.
Warning (39023): Can't find Memory Initialization File ethernet_sys_descriptor_memory.hex -- skipped updates for this file
Warning (39023): Can't find Memory Initialization File ethernet_sys_onchip_memory2_0.hex -- skipped updates for this file
Warning (113015): Width of data items in "ethernet_sys_onchip_memory2_0.hex" is greater than the memory width. Wrapping data items to subsequent addresses. Found 1024 warnings, reporting 10 File: C:/projects/quartus/ethernet/software/zhopen/mem_init/ethernet_sys_onchip_memory2_0.hex Line: 1
    Warning (113009): Data at line (2) of memory initialization file "ethernet_sys_onchip_memory2_0.hex" is too wide to fit in one memory word. Wrapping data to subsequent addresses. File: C:/projects/quartus/ethernet/software/zhopen/mem_init/ethernet_sys_onchip_memory2_0.hex Line: 2
    Warning (113009): Data at line (3) of memory initialization file "ethernet_sys_onchip_memory2_0.hex" is too wide to fit in one memory word. Wrapping data to subsequent addresses. File: C:/projects/quartus/ethernet/software/zhopen/mem_init/ethernet_sys_onchip_memory2_0.hex Line: 3
    Warning (113009): Data at line (4) of memory initialization file "ethernet_sys_onchip_memory2_0.hex" is too wide to fit in one memory word. Wrapping data to subsequent addresses. File: C:/projects/quartus/ethernet/software/zhopen/mem_init/ethernet_sys_onchip_memory2_0.hex Line: 4
    Warning (113009): Data at line (5) of memory initialization file "ethernet_sys_onchip_memory2_0.hex" is too wide to fit in one memory word. Wrapping data to subsequent addresses. File: C:/projects/quartus/ethernet/software/zhopen/mem_init/ethernet_sys_onchip_memory2_0.hex Line: 5
    Warning (113009): Data at line (6) of memory initialization file "ethernet_sys_onchip_memory2_0.hex" is too wide to fit in one memory word. Wrapping data to subsequent addresses. File: C:/projects/quartus/ethernet/software/zhopen/mem_init/ethernet_sys_onchip_memory2_0.hex Line: 6
    Warning (113009): Data at line (7) of memory initialization file "ethernet_sys_onchip_memory2_0.hex" is too wide to fit in one memory word. Wrapping data to subsequent addresses. File: C:/projects/quartus/ethernet/software/zhopen/mem_init/ethernet_sys_onchip_memory2_0.hex Line: 7
    Warning (113009): Data at line (8) of memory initialization file "ethernet_sys_onchip_memory2_0.hex" is too wide to fit in one memory word. Wrapping data to subsequent addresses. File: C:/projects/quartus/ethernet/software/zhopen/mem_init/ethernet_sys_onchip_memory2_0.hex Line: 8
    Warning (113009): Data at line (9) of memory initialization file "ethernet_sys_onchip_memory2_0.hex" is too wide to fit in one memory word. Wrapping data to subsequent addresses. File: C:/projects/quartus/ethernet/software/zhopen/mem_init/ethernet_sys_onchip_memory2_0.hex Line: 9
    Warning (113009): Data at line (10) of memory initialization file "ethernet_sys_onchip_memory2_0.hex" is too wide to fit in one memory word. Wrapping data to subsequent addresses. File: C:/projects/quartus/ethernet/software/zhopen/mem_init/ethernet_sys_onchip_memory2_0.hex Line: 10
    Warning (113009): Data at line (11) of memory initialization file "ethernet_sys_onchip_memory2_0.hex" is too wide to fit in one memory word. Wrapping data to subsequent addresses. File: C:/projects/quartus/ethernet/software/zhopen/mem_init/ethernet_sys_onchip_memory2_0.hex Line: 11
Warning (113015): Width of data items in "ethernet_sys_descriptor_memory.hex" is greater than the memory width. Wrapping data items to subsequent addresses. Found 128 warnings, reporting 10 File: C:/projects/quartus/ethernet/software/zhopen/mem_init/ethernet_sys_descriptor_memory.hex Line: 1
    Warning (113009): Data at line (2) of memory initialization file "ethernet_sys_descriptor_memory.hex" is too wide to fit in one memory word. Wrapping data to subsequent addresses. File: C:/projects/quartus/ethernet/software/zhopen/mem_init/ethernet_sys_descriptor_memory.hex Line: 2
    Warning (113009): Data at line (3) of memory initialization file "ethernet_sys_descriptor_memory.hex" is too wide to fit in one memory word. Wrapping data to subsequent addresses. File: C:/projects/quartus/ethernet/software/zhopen/mem_init/ethernet_sys_descriptor_memory.hex Line: 3
    Warning (113009): Data at line (4) of memory initialization file "ethernet_sys_descriptor_memory.hex" is too wide to fit in one memory word. Wrapping data to subsequent addresses. File: C:/projects/quartus/ethernet/software/zhopen/mem_init/ethernet_sys_descriptor_memory.hex Line: 4
    Warning (113009): Data at line (5) of memory initialization file "ethernet_sys_descriptor_memory.hex" is too wide to fit in one memory word. Wrapping data to subsequent addresses. File: C:/projects/quartus/ethernet/software/zhopen/mem_init/ethernet_sys_descriptor_memory.hex Line: 5
    Warning (113009): Data at line (6) of memory initialization file "ethernet_sys_descriptor_memory.hex" is too wide to fit in one memory word. Wrapping data to subsequent addresses. File: C:/projects/quartus/ethernet/software/zhopen/mem_init/ethernet_sys_descriptor_memory.hex Line: 6
    Warning (113009): Data at line (7) of memory initialization file "ethernet_sys_descriptor_memory.hex" is too wide to fit in one memory word. Wrapping data to subsequent addresses. File: C:/projects/quartus/ethernet/software/zhopen/mem_init/ethernet_sys_descriptor_memory.hex Line: 7
    Warning (113009): Data at line (8) of memory initialization file "ethernet_sys_descriptor_memory.hex" is too wide to fit in one memory word. Wrapping data to subsequent addresses. File: C:/projects/quartus/ethernet/software/zhopen/mem_init/ethernet_sys_descriptor_memory.hex Line: 8
    Warning (113009): Data at line (9) of memory initialization file "ethernet_sys_descriptor_memory.hex" is too wide to fit in one memory word. Wrapping data to subsequent addresses. File: C:/projects/quartus/ethernet/software/zhopen/mem_init/ethernet_sys_descriptor_memory.hex Line: 9
    Warning (113009): Data at line (10) of memory initialization file "ethernet_sys_descriptor_memory.hex" is too wide to fit in one memory word. Wrapping data to subsequent addresses. File: C:/projects/quartus/ethernet/software/zhopen/mem_init/ethernet_sys_descriptor_memory.hex Line: 10
    Warning (113009): Data at line (11) of memory initialization file "ethernet_sys_descriptor_memory.hex" is too wide to fit in one memory word. Wrapping data to subsequent addresses. File: C:/projects/quartus/ethernet/software/zhopen/mem_init/ethernet_sys_descriptor_memory.hex Line: 11
Info (39024): Processed the following Memory Initialization File(s)
    Info (39025): Processed Memory Initialization File C:/projects/quartus/ethernet/software/zhopen/mem_init/ethernet_sys_descriptor_memory.hex File: C:/projects/quartus/ethernet/software/zhopen/mem_init/ethernet_sys_descriptor_memory.hex Line: 0
    Info (39025): Processed Memory Initialization File C:/projects/quartus/ethernet/software/zhopen/mem_init/ethernet_sys_onchip_memory2_0.hex File: C:/projects/quartus/ethernet/software/zhopen/mem_init/ethernet_sys_onchip_memory2_0.hex Line: 0
Info: Quartus Prime MIF/HEX Update was successful. 0 errors, 25 warnings
    Info: Peak virtual memory: 4825 megabytes
    Info: Processing ended: Wed Mar 27 09:34:55 2024
    Info: Elapsed time: 00:00:02
    Info: Total CPU time (on all processors): 00:00:02


